# JRE version: OpenJDK Runtime Environment GraalVM CE 22.3.0 (17.0.5+8) (build 17.0.5+8-jvmci-22.3-b08)
# Java VM: OpenJDK 64-Bit Server VM GraalVM CE 22.3.0 (17.0.5+8-jvmci-22.3-b08, mixed mode, sharing, tiered, jvmci, jvmci compiler, compressed oops, compressed class ptrs, parallel gc, linux-amd64)
GC Precious Log:
 CPUs: 8 total, 1 available
 Memory: 1024M
 Large Page Support: Disabled
 NUMA Support: Disabled
 Compressed Oops: Enabled (32-bit)
 Alignments: Space 512K, Generation 512K, Heap 2M
 Heap Min Capacity: 100M
 Heap Initial Capacity: 100M
 Heap Max Capacity: 512M
 Pre-touch: Disabled
 Parallel Workers: 1
Heap:
 PSYoungGen      total 40448K, used 30208K [0x00000000f5580000, 0x00000000f8800000, 0x0000000100000000)
  eden space 30208K, 100% used [0x00000000f5580000,0x00000000f7300000,0x00000000f7300000)
  from space 10240K, 0% used [0x00000000f7300000,0x00000000f7300000,0x00000000f7d00000)
  to   space 10240K, 0% used [0x00000000f7e00000,0x00000000f7e00000,0x00000000f8800000)
 ParOldGen       total 349696K, used 349694K [0x00000000e0000000, 0x00000000f5580000, 0x00000000f5580000)
  object space 349696K, 99% used [0x00000000e0000000,0x00000000f557f8e0,0x00000000f5580000)
 Metaspace       used 64385K, committed 65152K, reserved 1114112K
  class space    used 5867K, committed 6208K, reserved 1048576K
GC Heap History (20 events):
Event: 1800.423 GC heap before
{Heap before GC invocations=1576 (full 1324):
 PSYoungGen      total 40448K, used 30207K [0x00000000f5580000, 0x00000000f8800000, 0x0000000100000000)
  eden space 30208K, 99% used [0x00000000f5580000,0x00000000f72ffff8,0x00000000f7300000)
  from space 10240K, 0% used [0x00000000f7300000,0x00000000f7300000,0x00000000f7d00000)
  to   space 10240K, 0% used [0x00000000f7e00000,0x00000000f7e00000,0x00000000f8800000)
 ParOldGen       total 349696K, used 349695K [0x00000000e0000000, 0x00000000f5580000, 0x00000000f5580000)
  object space 349696K, 99% used [0x00000000e0000000,0x00000000f557fc08,0x00000000f5580000)
 Metaspace       used 64385K, committed 65152K, reserved 1114112K
  class space    used 5867K, committed 6208K, reserved 1048576K
}
Event: 1801.617 GC heap after
{Heap after GC invocations=1576 (full 1324):
 PSYoungGen      total 40448K, used 30207K [0x00000000f5580000, 0x00000000f8800000, 0x0000000100000000)
  eden space 30208K, 99% used [0x00000000f5580000,0x00000000f72fffe0,0x00000000f7300000)
  from space 10240K, 0% used [0x00000000f7e00000,0x00000000f7e00000,0x00000000f8800000)
  to   space 10240K, 0% used [0x00000000f7300000,0x00000000f7300000,0x00000000f7d00000)
 ParOldGen       total 349696K, used 349693K [0x00000000e0000000, 0x00000000f5580000, 0x00000000f5580000)
  object space 349696K, 99% used [0x00000000e0000000,0x00000000f557f768,0x00000000f5580000)
 Metaspace       used 64385K, committed 65152K, reserved 1114112K
  class space    used 5867K, committed 6208K, reserved 1048576K
}
Event: 1801.617 GC heap before
{Heap before GC invocations=1577 (full 1325):
 PSYoungGen      total 40448K, used 30207K [0x00000000f5580000, 0x00000000f8800000, 0x0000000100000000)
  eden space 30208K, 99% used [0x00000000f5580000,0x00000000f72ffff8,0x00000000f7300000)
  from space 10240K, 0% used [0x00000000f7e00000,0x00000000f7e00000,0x00000000f8800000)
  to   space 10240K, 0% used [0x00000000f7300000,0x00000000f7300000,0x00000000f7d00000)
 ParOldGen       total 349696K, used 349693K [0x00000000e0000000, 0x00000000f5580000, 0x00000000f5580000)
  object space 349696K, 99% used [0x00000000e0000000,0x00000000f557f768,0x00000000f5580000)
 Metaspace       used 64385K, committed 65152K, reserved 1114112K
  class space    used 5867K, committed 6208K, reserved 1048576K
}
Event: 1802.797 GC heap after
{Heap after GC invocations=1577 (full 1325):
 PSYoungGen      total 40448K, used 30207K [0x00000000f5580000, 0x00000000f8800000, 0x0000000100000000)
  eden space 30208K, 99% used [0x00000000f5580000,0x00000000f72ffff8,0x00000000f7300000)
  from space 10240K, 0% used [0x00000000f7300000,0x00000000f7300000,0x00000000f7d00000)
  to   space 10240K, 0% used [0x00000000f7e00000,0x00000000f7e00000,0x00000000f8800000)
 ParOldGen       total 349696K, used 349693K [0x00000000e0000000, 0x00000000f5580000, 0x00000000f5580000)
  object space 349696K, 99% used [0x00000000e0000000,0x00000000f557f768,0x00000000f5580000)
 Metaspace       used 64385K, committed 65152K, reserved 1114112K
  class space    used 5867K, committed 6208K, reserved 1048576K
}
Event: 1802.817 GC heap before
{Heap before GC invocations=1578 (full 1326):
 PSYoungGen      total 40448K, used 30207K [0x00000000f5580000, 0x00000000f8800000, 0x0000000100000000)
  eden space 30208K, 99% used [0x00000000f5580000,0x00000000f72ffff8,0x00000000f7300000)
  from space 10240K, 0% used [0x00000000f7300000,0x00000000f7300000,0x00000000f7d00000)
  to   space 10240K, 0% used [0x00000000f7e00000,0x00000000f7e00000,0x00000000f8800000)
 ParOldGen       total 349696K, used 349695K [0x00000000e0000000, 0x00000000f5580000, 0x00000000f5580000)
  object space 349696K, 99% used [0x00000000e0000000,0x00000000f557fff8,0x00000000f5580000)
 Metaspace       used 64385K, committed 65152K, reserved 1114112K
  class space    used 5867K, committed 6208K, reserved 1048576K
}
Event: 1804.228 GC heap after
{Heap after GC invocations=1578 (full 1326):
 PSYoungGen      total 40448K, used 30207K [0x00000000f5580000, 0x00000000f8800000, 0x0000000100000000)
  eden space 30208K, 99% used [0x00000000f5580000,0x00000000f72fff08,0x00000000f7300000)
  from space 10240K, 0% used [0x00000000f7e00000,0x00000000f7e00000,0x00000000f8800000)
  to   space 10240K, 0% used [0x00000000f7300000,0x00000000f7300000,0x00000000f7d00000)
 ParOldGen       total 349696K, used 349693K [0x00000000e0000000, 0x00000000f5580000, 0x00000000f5580000)
  object space 349696K, 99% used [0x00000000e0000000,0x00000000f557f7f8,0x00000000f5580000)
 Metaspace       used 64385K, committed 65152K, reserved 1114112K
  class space    used 5867K, committed 6208K, reserved 1048576K
}
Event: 1804.228 GC heap before
{Heap before GC invocations=1579 (full 1327):
 PSYoungGen      total 40448K, used 30208K [0x00000000f5580000, 0x00000000f8800000, 0x0000000100000000)
  eden space 30208K, 100% used [0x00000000f5580000,0x00000000f7300000,0x00000000f7300000)
  from space 10240K, 0% used [0x00000000f7e00000,0x00000000f7e00000,0x00000000f8800000)
  to   space 10240K, 0% used [0x00000000f7300000,0x00000000f7300000,0x00000000f7d00000)
 ParOldGen       total 349696K, used 349693K [0x00000000e0000000, 0x00000000f5580000, 0x00000000f5580000)
  object space 349696K, 99% used [0x00000000e0000000,0x00000000f557f7f8,0x00000000f5580000)
 Metaspace       used 64385K, committed 65152K, reserved 1114112K
  class space    used 5867K, committed 6208K, reserved 1048576K
}
Event: 1805.394 GC heap after
{Heap after GC invocations=1579 (full 1327):
 PSYoungGen      total 40448K, used 30207K [0x00000000f5580000, 0x00000000f8800000, 0x0000000100000000)
  eden space 30208K, 99% used [0x00000000f5580000,0x00000000f72fffc8,0x00000000f7300000)
  from space 10240K, 0% used [0x00000000f7300000,0x00000000f7300000,0x00000000f7d00000)
  to   space 10240K, 0% used [0x00000000f7e00000,0x00000000f7e00000,0x00000000f8800000)
 ParOldGen       total 349696K, used 349693K [0x00000000e0000000, 0x00000000f5580000, 0x00000000f5580000)
  object space 349696K, 99% used [0x00000000e0000000,0x00000000f557f738,0x00000000f5580000)
 Metaspace       used 64385K, committed 65152K, reserved 1114112K
  class space    used 5867K, committed 6208K, reserved 1048576K
}
Event: 1805.397 GC heap before
{Heap before GC invocations=1580 (full 1328):
 PSYoungGen      total 40448K, used 30208K [0x00000000f5580000, 0x00000000f8800000, 0x0000000100000000)
  eden space 30208K, 100% used [0x00000000f5580000,0x00000000f7300000,0x00000000f7300000)
  from space 10240K, 0% used [0x00000000f7300000,0x00000000f7300000,0x00000000f7d00000)
  to   space 10240K, 0% used [0x00000000f7e00000,0x00000000f7e00000,0x00000000f8800000)
 ParOldGen       total 349696K, used 349693K [0x00000000e0000000, 0x00000000f5580000, 0x00000000f5580000)
  object space 349696K, 99% used [0x00000000e0000000,0x00000000f557f738,0x00000000f5580000)
 Metaspace       used 64385K, committed 65152K, reserved 1114112K
  class space    used 5867K, committed 6208K, reserved 1048576K
}
Event: 1806.722 GC heap after
{Heap after GC invocations=1580 (full 1328):
 PSYoungGen      total 40448K, used 30207K [0x00000000f5580000, 0x00000000f8800000, 0x0000000100000000)
  eden space 30208K, 99% used [0x00000000f5580000,0x00000000f72fffe0,0x00000000f7300000)
  from space 10240K, 0% used [0x00000000f7e00000,0x00000000f7e00000,0x00000000f8800000)
  to   space 10240K, 0% used [0x00000000f7300000,0x00000000f7300000,0x00000000f7d00000)
 ParOldGen       total 349696K, used 349693K [0x00000000e0000000, 0x00000000f5580000, 0x00000000f5580000)
  object space 349696K, 99% used [0x00000000e0000000,0x00000000f557f738,0x00000000f5580000)
 Metaspace       used 64385K, committed 65152K, reserved 1114112K
  class space    used 5867K, committed 6208K, reserved 1048576K
}
Event: 1806.723 GC heap before
{Heap before GC invocations=1581 (full 1329):
 PSYoungGen      total 40448K, used 30207K [0x00000000f5580000, 0x00000000f8800000, 0x0000000100000000)
  eden space 30208K, 99% used [0x00000000f5580000,0x00000000f72ffff8,0x00000000f7300000)
  from space 10240K, 0% used [0x00000000f7e00000,0x00000000f7e00000,0x00000000f8800000)
  to   space 10240K, 0% used [0x00000000f7300000,0x00000000f7300000,0x00000000f7d00000)
 ParOldGen       total 349696K, used 349693K [0x00000000e0000000, 0x00000000f5580000, 0x00000000f5580000)
  object space 349696K, 99% used [0x00000000e0000000,0x00000000f557f738,0x00000000f5580000)
 Metaspace       used 64385K, committed 65152K, reserved 1114112K
  class space    used 5867K, committed 6208K, reserved 1048576K
}
Event: 1807.955 GC heap after
{Heap after GC invocations=1581 (full 1329):
 PSYoungGen      total 40448K, used 30207K [0x00000000f5580000, 0x00000000f8800000, 0x0000000100000000)
  eden space 30208K, 99% used [0x00000000f5580000,0x00000000f72fffd8,0x00000000f7300000)
  from space 10240K, 0% used [0x00000000f7300000,0x00000000f7300000,0x00000000f7d00000)
  to   space 10240K, 0% used [0x00000000f7e00000,0x00000000f7e00000,0x00000000f8800000)
 ParOldGen       total 349696K, used 349693K [0x00000000e0000000, 0x00000000f5580000, 0x00000000f5580000)
  object space 349696K, 99% used [0x00000000e0000000,0x00000000f557f738,0x00000000f5580000)
 Metaspace       used 64385K, committed 65152K, reserved 1114112K
  class space    used 5867K, committed 6208K, reserved 1048576K
}
Event: 1807.956 GC heap before
{Heap before GC invocations=1582 (full 1330):
 PSYoungGen      total 40448K, used 30208K [0x00000000f5580000, 0x00000000f8800000, 0x0000000100000000)
  eden space 30208K, 100% used [0x00000000f5580000,0x00000000f7300000,0x00000000f7300000)
  from space 10240K, 0% used [0x00000000f7300000,0x00000000f7300000,0x00000000f7d00000)
  to   space 10240K, 0% used [0x00000000f7e00000,0x00000000f7e00000,0x00000000f8800000)
 ParOldGen       total 349696K, used 349695K [0x00000000e0000000, 0x00000000f5580000, 0x00000000f5580000)
  object space 349696K, 99% used [0x00000000e0000000,0x00000000f557ffc0,0x00000000f5580000)
 Metaspace       used 64385K, committed 65152K, reserved 1114112K
  class space    used 5867K, committed 6208K, reserved 1048576K
}
Event: 1809.230 GC heap after
{Heap after GC invocations=1582 (full 1330):
 PSYoungGen      total 40448K, used 30207K [0x00000000f5580000, 0x00000000f8800000, 0x0000000100000000)
  eden space 30208K, 99% used [0x00000000f5580000,0x00000000f72fff80,0x00000000f7300000)
  from space 10240K, 0% used [0x00000000f7e00000,0x00000000f7e00000,0x00000000f8800000)
  to   space 10240K, 0% used [0x00000000f7300000,0x00000000f7300000,0x00000000f7d00000)
 ParOldGen       total 349696K, used 349693K [0x00000000e0000000, 0x00000000f5580000, 0x00000000f5580000)
  object space 349696K, 99% used [0x00000000e0000000,0x00000000f557f750,0x00000000f5580000)
 Metaspace       used 64385K, committed 65152K, reserved 1114112K
  class space    used 5867K, committed 6208K, reserved 1048576K
}
Event: 1809.230 GC heap before
{Heap before GC invocations=1583 (full 1331):
 PSYoungGen      total 40448K, used 30207K [0x00000000f5580000, 0x00000000f8800000, 0x0000000100000000)
  eden space 30208K, 99% used [0x00000000f5580000,0x00000000f72fff80,0x00000000f7300000)
  from space 10240K, 0% used [0x00000000f7e00000,0x00000000f7e00000,0x00000000f8800000)
  to   space 10240K, 0% used [0x00000000f7300000,0x00000000f7300000,0x00000000f7d00000)
 ParOldGen       total 349696K, used 349693K [0x00000000e0000000, 0x00000000f5580000, 0x00000000f5580000)
  object space 349696K, 99% used [0x00000000e0000000,0x00000000f557f750,0x00000000f5580000)
 Metaspace       used 64385K, committed 65152K, reserved 1114112K
  class space    used 5867K, committed 6208K, reserved 1048576K
}
Event: 1810.392 GC heap after
{Heap after GC invocations=1583 (full 1331):
 PSYoungGen      total 40448K, used 30207K [0x00000000f5580000, 0x00000000f8800000, 0x0000000100000000)
  eden space 30208K, 99% used [0x00000000f5580000,0x00000000f72fff80,0x00000000f7300000)
  from space 10240K, 0% used [0x00000000f7300000,0x00000000f7300000,0x00000000f7d00000)
  to   space 10240K, 0% used [0x00000000f7e00000,0x00000000f7e00000,0x00000000f8800000)
 ParOldGen       total 349696K, used 349693K [0x00000000e0000000, 0x00000000f5580000, 0x00000000f5580000)
  object space 349696K, 99% used [0x00000000e0000000,0x00000000f557f750,0x00000000f5580000)
 Metaspace       used 64385K, committed 65152K, reserved 1114112K
  class space    used 5867K, committed 6208K, reserved 1048576K
}
Event: 1810.392 GC heap before
{Heap before GC invocations=1584 (full 1332):
 PSYoungGen      total 40448K, used 30207K [0x00000000f5580000, 0x00000000f8800000, 0x0000000100000000)
  eden space 30208K, 99% used [0x00000000f5580000,0x00000000f72fffd8,0x00000000f7300000)
  from space 10240K, 0% used [0x00000000f7300000,0x00000000f7300000,0x00000000f7d00000)
  to   space 10240K, 0% used [0x00000000f7e00000,0x00000000f7e00000,0x00000000f8800000)
 ParOldGen       total 349696K, used 349693K [0x00000000e0000000, 0x00000000f5580000, 0x00000000f5580000)
  object space 349696K, 99% used [0x00000000e0000000,0x00000000f557f750,0x00000000f5580000)
 Metaspace       used 64385K, committed 65152K, reserved 1114112K
  class space    used 5867K, committed 6208K, reserved 1048576K
}
Event: 1811.536 GC heap after
{Heap after GC invocations=1584 (full 1332):
 PSYoungGen      total 40448K, used 30207K [0x00000000f5580000, 0x00000000f8800000, 0x0000000100000000)
  eden space 30208K, 99% used [0x00000000f5580000,0x00000000f72fffd8,0x00000000f7300000)
  from space 10240K, 0% used [0x00000000f7e00000,0x00000000f7e00000,0x00000000f8800000)
  to   space 10240K, 0% used [0x00000000f7300000,0x00000000f7300000,0x00000000f7d00000)
 ParOldGen       total 349696K, used 349693K [0x00000000e0000000, 0x00000000f5580000, 0x00000000f5580000)
  object space 349696K, 99% used [0x00000000e0000000,0x00000000f557f750,0x00000000f5580000)
 Metaspace       used 64385K, committed 65152K, reserved 1114112K
  class space    used 5867K, committed 6208K, reserved 1048576K
}
Event: 1811.536 GC heap before
{Heap before GC invocations=1585 (full 1333):
 PSYoungGen      total 40448K, used 30207K [0x00000000f5580000, 0x00000000f8800000, 0x0000000100000000)
  eden space 30208K, 99% used [0x00000000f5580000,0x00000000f72fffd8,0x00000000f7300000)
  from space 10240K, 0% used [0x00000000f7e00000,0x00000000f7e00000,0x00000000f8800000)
  to   space 10240K, 0% used [0x00000000f7300000,0x00000000f7300000,0x00000000f7d00000)
 ParOldGen       total 349696K, used 349693K [0x00000000e0000000, 0x00000000f5580000, 0x00000000f5580000)
  object space 349696K, 99% used [0x00000000e0000000,0x00000000f557f750,0x00000000f5580000)
 Metaspace       used 64385K, committed 65152K, reserved 1114112K
  class space    used 5867K, committed 6208K, reserved 1048576K
}
Event: 1812.801 GC heap after
{Heap after GC invocations=1585 (full 1333):
 PSYoungGen      total 40448K, used 30207K [0x00000000f5580000, 0x00000000f8800000, 0x0000000100000000)
  eden space 30208K, 99% used [0x00000000f5580000,0x00000000f72fffd8,0x00000000f7300000)
  from space 10240K, 0% used [0x00000000f7300000,0x00000000f7300000,0x00000000f7d00000)
  to   space 10240K, 0% used [0x00000000f7e00000,0x00000000f7e00000,0x00000000f8800000)
 ParOldGen       total 349696K, used 349693K [0x00000000e0000000, 0x00000000f5580000, 0x00000000f5580000)
  object space 349696K, 99% used [0x00000000e0000000,0x00000000f557f750,0x00000000f5580000)
 Metaspace       used 64385K, committed 65152K, reserved 1114112K
  class space    used 5867K, committed 6208K, reserved 1048576K
}

