# JRE version: OpenJDK Runtime Environment GraalVM CE 22.3.0 (17.0.5+8) (build 17.0.5+8-jvmci-22.3-b08)
# Java VM: OpenJDK 64-Bit Server VM GraalVM CE 22.3.0 (17.0.5+8-jvmci-22.3-b08, mixed mode, sharing, tiered, jvmci, jvmci compiler, compressed oops, compressed class ptrs, parallel gc, linux-amd64)
GC Precious Log:
 CPUs: 8 total, 1 available
 Memory: 1024M
 Large Page Support: Disabled
 NUMA Support: Disabled
 Compressed Oops: Enabled (32-bit)
 Alignments: Space 512K, Generation 512K, Heap 2M
 Heap Min Capacity: 100M
 Heap Initial Capacity: 100M
 Heap Max Capacity: 512M
 Pre-touch: Disabled
 Parallel Workers: 1
Heap:
 PSYoungGen      total 31744K, used 16895K [0x00000000f5580000, 0x00000000f9780000, 0x0000000100000000)
  eden space 16896K, 99% used [0x00000000f5580000,0x00000000f65ffff8,0x00000000f6600000)
  from space 14848K, 0% used [0x00000000f7e80000,0x00000000f7e80000,0x00000000f8d00000)
  to   space 25088K, 0% used [0x00000000f6600000,0x00000000f6600000,0x00000000f7e80000)
 ParOldGen       total 349696K, used 349695K [0x00000000e0000000, 0x00000000f5580000, 0x00000000f5580000)
  object space 349696K, 99% used [0x00000000e0000000,0x00000000f557ff78,0x00000000f5580000)
 Metaspace       used 60599K, committed 61632K, reserved 1105920K
  class space    used 5714K, committed 6144K, reserved 1048576K
GC Heap History (20 events):
Event: 908.038 GC heap before
{Heap before GC invocations=784 (full 612):
 PSYoungGen      total 31744K, used 16896K [0x00000000f5580000, 0x00000000f9780000, 0x0000000100000000)
  eden space 16896K, 100% used [0x00000000f5580000,0x00000000f6600000,0x00000000f6600000)
  from space 14848K, 0% used [0x00000000f7e80000,0x00000000f7e80000,0x00000000f8d00000)
  to   space 25088K, 0% used [0x00000000f6600000,0x00000000f6600000,0x00000000f7e80000)
 ParOldGen       total 349696K, used 349695K [0x00000000e0000000, 0x00000000f5580000, 0x00000000f5580000)
  object space 349696K, 99% used [0x00000000e0000000,0x00000000f557fff8,0x00000000f5580000)
 Metaspace       used 60596K, committed 61632K, reserved 1105920K
  class space    used 5713K, committed 6144K, reserved 1048576K
}
Event: 909.302 GC heap after
{Heap after GC invocations=784 (full 612):
 PSYoungGen      total 41984K, used 16895K [0x00000000f5580000, 0x00000000f9780000, 0x0000000100000000)
  eden space 16896K, 99% used [0x00000000f5580000,0x00000000f65fff30,0x00000000f6600000)
  from space 25088K, 0% used [0x00000000f6600000,0x00000000f6600000,0x00000000f7e80000)
  to   space 14848K, 0% used [0x00000000f7e80000,0x00000000f7e80000,0x00000000f8d00000)
 ParOldGen       total 349696K, used 349695K [0x00000000e0000000, 0x00000000f5580000, 0x00000000f5580000)
  object space 349696K, 99% used [0x00000000e0000000,0x00000000f557fc90,0x00000000f5580000)
 Metaspace       used 60596K, committed 61632K, reserved 1105920K
  class space    used 5713K, committed 6144K, reserved 1048576K
}
Event: 909.302 GC heap before
{Heap before GC invocations=785 (full 613):
 PSYoungGen      total 41984K, used 16896K [0x00000000f5580000, 0x00000000f9780000, 0x0000000100000000)
  eden space 16896K, 100% used [0x00000000f5580000,0x00000000f6600000,0x00000000f6600000)
  from space 25088K, 0% used [0x00000000f6600000,0x00000000f6600000,0x00000000f7e80000)
  to   space 14848K, 0% used [0x00000000f7e80000,0x00000000f7e80000,0x00000000f8d00000)
 ParOldGen       total 349696K, used 349695K [0x00000000e0000000, 0x00000000f5580000, 0x00000000f5580000)
  object space 349696K, 99% used [0x00000000e0000000,0x00000000f557fc90,0x00000000f5580000)
 Metaspace       used 60596K, committed 61632K, reserved 1105920K
  class space    used 5713K, committed 6144K, reserved 1048576K
}
Event: 910.521 GC heap after
{Heap after GC invocations=785 (full 613):
 PSYoungGen      total 31744K, used 16895K [0x00000000f5580000, 0x00000000f9780000, 0x0000000100000000)
  eden space 16896K, 99% used [0x00000000f5580000,0x00000000f65ffee8,0x00000000f6600000)
  from space 14848K, 0% used [0x00000000f7e80000,0x00000000f7e80000,0x00000000f8d00000)
  to   space 25088K, 0% used [0x00000000f6600000,0x00000000f6600000,0x00000000f7e80000)
 ParOldGen       total 349696K, used 349694K [0x00000000e0000000, 0x00000000f5580000, 0x00000000f5580000)
  object space 349696K, 99% used [0x00000000e0000000,0x00000000f557fbb8,0x00000000f5580000)
 Metaspace       used 60596K, committed 61632K, reserved 1105920K
  class space    used 5713K, committed 6144K, reserved 1048576K
}
Event: 910.522 GC heap before
{Heap before GC invocations=786 (full 614):
 PSYoungGen      total 31744K, used 16895K [0x00000000f5580000, 0x00000000f9780000, 0x0000000100000000)
  eden space 16896K, 99% used [0x00000000f5580000,0x00000000f65ffff8,0x00000000f6600000)
  from space 14848K, 0% used [0x00000000f7e80000,0x00000000f7e80000,0x00000000f8d00000)
  to   space 25088K, 0% used [0x00000000f6600000,0x00000000f6600000,0x00000000f7e80000)
 ParOldGen       total 349696K, used 349694K [0x00000000e0000000, 0x00000000f5580000, 0x00000000f5580000)
  object space 349696K, 99% used [0x00000000e0000000,0x00000000f557fbb8,0x00000000f5580000)
 Metaspace       used 60596K, committed 61632K, reserved 1105920K
  class space    used 5713K, committed 6144K, reserved 1048576K
}
Event: 911.831 GC heap after
{Heap after GC invocations=786 (full 614):
 PSYoungGen      total 41984K, used 16895K [0x00000000f5580000, 0x00000000f9780000, 0x0000000100000000)
  eden space 16896K, 99% used [0x00000000f5580000,0x00000000f65fffc0,0x00000000f6600000)
  from space 25088K, 0% used [0x00000000f6600000,0x00000000f6600000,0x00000000f7e80000)
  to   space 14848K, 0% used [0x00000000f7e80000,0x00000000f7e80000,0x00000000f8d00000)
 ParOldGen       total 349696K, used 349694K [0x00000000e0000000, 0x00000000f5580000, 0x00000000f5580000)
  object space 349696K, 99% used [0x00000000e0000000,0x00000000f557fbb8,0x00000000f5580000)
 Metaspace       used 60596K, committed 61632K, reserved 1105920K
  class space    used 5713K, committed 6144K, reserved 1048576K
}
Event: 911.835 GC heap before
{Heap before GC invocations=787 (full 615):
 PSYoungGen      total 41984K, used 16895K [0x00000000f5580000, 0x00000000f9780000, 0x0000000100000000)
  eden space 16896K, 99% used [0x00000000f5580000,0x00000000f65ffff8,0x00000000f6600000)
  from space 25088K, 0% used [0x00000000f6600000,0x00000000f6600000,0x00000000f7e80000)
  to   space 14848K, 0% used [0x00000000f7e80000,0x00000000f7e80000,0x00000000f8d00000)
 ParOldGen       total 349696K, used 349694K [0x00000000e0000000, 0x00000000f5580000, 0x00000000f5580000)
  object space 349696K, 99% used [0x00000000e0000000,0x00000000f557fbb8,0x00000000f5580000)
 Metaspace       used 60596K, committed 61632K, reserved 1105920K
  class space    used 5713K, committed 6144K, reserved 1048576K
}
Event: 913.101 GC heap after
{Heap after GC invocations=787 (full 615):
 PSYoungGen      total 31744K, used 16895K [0x00000000f5580000, 0x00000000f9780000, 0x0000000100000000)
  eden space 16896K, 99% used [0x00000000f5580000,0x00000000f65fffd8,0x00000000f6600000)
  from space 14848K, 0% used [0x00000000f7e80000,0x00000000f7e80000,0x00000000f8d00000)
  to   space 25088K, 0% used [0x00000000f6600000,0x00000000f6600000,0x00000000f7e80000)
 ParOldGen       total 349696K, used 349694K [0x00000000e0000000, 0x00000000f5580000, 0x00000000f5580000)
  object space 349696K, 99% used [0x00000000e0000000,0x00000000f557fbb8,0x00000000f5580000)
 Metaspace       used 60596K, committed 61632K, reserved 1105920K
  class space    used 5713K, committed 6144K, reserved 1048576K
}
Event: 913.101 GC heap before
{Heap before GC invocations=788 (full 616):
 PSYoungGen      total 31744K, used 16895K [0x00000000f5580000, 0x00000000f9780000, 0x0000000100000000)
  eden space 16896K, 99% used [0x00000000f5580000,0x00000000f65ffff8,0x00000000f6600000)
  from space 14848K, 0% used [0x00000000f7e80000,0x00000000f7e80000,0x00000000f8d00000)
  to   space 25088K, 0% used [0x00000000f6600000,0x00000000f6600000,0x00000000f7e80000)
 ParOldGen       total 349696K, used 349694K [0x00000000e0000000, 0x00000000f5580000, 0x00000000f5580000)
  object space 349696K, 99% used [0x00000000e0000000,0x00000000f557fbb8,0x00000000f5580000)
 Metaspace       used 60596K, committed 61632K, reserved 1105920K
  class space    used 5713K, committed 6144K, reserved 1048576K
}
Event: 914.332 GC heap after
{Heap after GC invocations=788 (full 616):
 PSYoungGen      total 41984K, used 16895K [0x00000000f5580000, 0x00000000f9780000, 0x0000000100000000)
  eden space 16896K, 99% used [0x00000000f5580000,0x00000000f65fffc0,0x00000000f6600000)
  from space 25088K, 0% used [0x00000000f6600000,0x00000000f6600000,0x00000000f7e80000)
  to   space 14848K, 0% used [0x00000000f7e80000,0x00000000f7e80000,0x00000000f8d00000)
 ParOldGen       total 349696K, used 349694K [0x00000000e0000000, 0x00000000f5580000, 0x00000000f5580000)
  object space 349696K, 99% used [0x00000000e0000000,0x00000000f557fbb8,0x00000000f5580000)
 Metaspace       used 60596K, committed 61632K, reserved 1105920K
  class space    used 5713K, committed 6144K, reserved 1048576K
}
Event: 914.332 GC heap before
{Heap before GC invocations=789 (full 617):
 PSYoungGen      total 41984K, used 16895K [0x00000000f5580000, 0x00000000f9780000, 0x0000000100000000)
  eden space 16896K, 99% used [0x00000000f5580000,0x00000000f65ffff8,0x00000000f6600000)
  from space 25088K, 0% used [0x00000000f6600000,0x00000000f6600000,0x00000000f7e80000)
  to   space 14848K, 0% used [0x00000000f7e80000,0x00000000f7e80000,0x00000000f8d00000)
 ParOldGen       total 349696K, used 349694K [0x00000000e0000000, 0x00000000f5580000, 0x00000000f5580000)
  object space 349696K, 99% used [0x00000000e0000000,0x00000000f557fbb8,0x00000000f5580000)
 Metaspace       used 60596K, committed 61632K, reserved 1105920K
  class space    used 5713K, committed 6144K, reserved 1048576K
}
Event: 915.637 GC heap after
{Heap after GC invocations=789 (full 617):
 PSYoungGen      total 31744K, used 16895K [0x00000000f5580000, 0x00000000f9780000, 0x0000000100000000)
  eden space 16896K, 99% used [0x00000000f5580000,0x00000000f65ffff8,0x00000000f6600000)
  from space 14848K, 0% used [0x00000000f7e80000,0x00000000f7e80000,0x00000000f8d00000)
  to   space 25088K, 0% used [0x00000000f6600000,0x00000000f6600000,0x00000000f7e80000)
 ParOldGen       total 349696K, used 349694K [0x00000000e0000000, 0x00000000f5580000, 0x00000000f5580000)
  object space 349696K, 99% used [0x00000000e0000000,0x00000000f557fbb8,0x00000000f5580000)
 Metaspace       used 60596K, committed 61632K, reserved 1105920K
  class space    used 5713K, committed 6144K, reserved 1048576K
}
Event: 915.637 GC heap before
{Heap before GC invocations=790 (full 618):
 PSYoungGen      total 31744K, used 16895K [0x00000000f5580000, 0x00000000f9780000, 0x0000000100000000)
  eden space 16896K, 99% used [0x00000000f5580000,0x00000000f65ffff8,0x00000000f6600000)
  from space 14848K, 0% used [0x00000000f7e80000,0x00000000f7e80000,0x00000000f8d00000)
  to   space 25088K, 0% used [0x00000000f6600000,0x00000000f6600000,0x00000000f7e80000)
 ParOldGen       total 349696K, used 349695K [0x00000000e0000000, 0x00000000f5580000, 0x00000000f5580000)
  object space 349696K, 99% used [0x00000000e0000000,0x00000000f557fe20,0x00000000f5580000)
 Metaspace       used 60596K, committed 61632K, reserved 1105920K
  class space    used 5713K, committed 6144K, reserved 1048576K
}
Event: 916.910 GC heap after
{Heap after GC invocations=790 (full 618):
 PSYoungGen      total 41984K, used 16895K [0x00000000f5580000, 0x00000000f9780000, 0x0000000100000000)
  eden space 16896K, 99% used [0x00000000f5580000,0x00000000f65ffec0,0x00000000f6600000)
  from space 25088K, 0% used [0x00000000f6600000,0x00000000f6600000,0x00000000f7e80000)
  to   space 14848K, 0% used [0x00000000f7e80000,0x00000000f7e80000,0x00000000f8d00000)
 ParOldGen       total 349696K, used 349695K [0x00000000e0000000, 0x00000000f5580000, 0x00000000f5580000)
  object space 349696K, 99% used [0x00000000e0000000,0x00000000f557fd88,0x00000000f5580000)
 Metaspace       used 60596K, committed 61632K, reserved 1105920K
  class space    used 5713K, committed 6144K, reserved 1048576K
}
Event: 916.910 GC heap before
{Heap before GC invocations=791 (full 619):
 PSYoungGen      total 41984K, used 16895K [0x00000000f5580000, 0x00000000f9780000, 0x0000000100000000)
  eden space 16896K, 99% used [0x00000000f5580000,0x00000000f65ffec0,0x00000000f6600000)
  from space 25088K, 0% used [0x00000000f6600000,0x00000000f6600000,0x00000000f7e80000)
  to   space 14848K, 0% used [0x00000000f7e80000,0x00000000f7e80000,0x00000000f8d00000)
 ParOldGen       total 349696K, used 349695K [0x00000000e0000000, 0x00000000f5580000, 0x00000000f5580000)
  object space 349696K, 99% used [0x00000000e0000000,0x00000000f557fd88,0x00000000f5580000)
 Metaspace       used 60596K, committed 61632K, reserved 1105920K
  class space    used 5713K, committed 6144K, reserved 1048576K
}
Event: 918.113 GC heap after
{Heap after GC invocations=791 (full 619):
 PSYoungGen      total 31744K, used 16895K [0x00000000f5580000, 0x00000000f9780000, 0x0000000100000000)
  eden space 16896K, 99% used [0x00000000f5580000,0x00000000f65ffec0,0x00000000f6600000)
  from space 14848K, 0% used [0x00000000f7e80000,0x00000000f7e80000,0x00000000f8d00000)
  to   space 25088K, 0% used [0x00000000f6600000,0x00000000f6600000,0x00000000f7e80000)
 ParOldGen       total 349696K, used 349695K [0x00000000e0000000, 0x00000000f5580000, 0x00000000f5580000)
  object space 349696K, 99% used [0x00000000e0000000,0x00000000f557fd88,0x00000000f5580000)
 Metaspace       used 60596K, committed 61632K, reserved 1105920K
  class space    used 5713K, committed 6144K, reserved 1048576K
}
Event: 918.114 GC heap before
{Heap before GC invocations=792 (full 620):
 PSYoungGen      total 31744K, used 16895K [0x00000000f5580000, 0x00000000f9780000, 0x0000000100000000)
  eden space 16896K, 99% used [0x00000000f5580000,0x00000000f65fff00,0x00000000f6600000)
  from space 14848K, 0% used [0x00000000f7e80000,0x00000000f7e80000,0x00000000f8d00000)
  to   space 25088K, 0% used [0x00000000f6600000,0x00000000f6600000,0x00000000f7e80000)
 ParOldGen       total 349696K, used 349695K [0x00000000e0000000, 0x00000000f5580000, 0x00000000f5580000)
  object space 349696K, 99% used [0x00000000e0000000,0x00000000f557fd88,0x00000000f5580000)
 Metaspace       used 60596K, committed 61632K, reserved 1105920K
  class space    used 5713K, committed 6144K, reserved 1048576K
}
Event: 919.322 GC heap after
{Heap after GC invocations=792 (full 620):
 PSYoungGen      total 41984K, used 16895K [0x00000000f5580000, 0x00000000f9780000, 0x0000000100000000)
  eden space 16896K, 99% used [0x00000000f5580000,0x00000000f65ffee0,0x00000000f6600000)
  from space 25088K, 0% used [0x00000000f6600000,0x00000000f6600000,0x00000000f7e80000)
  to   space 14848K, 0% used [0x00000000f7e80000,0x00000000f7e80000,0x00000000f8d00000)
 ParOldGen       total 349696K, used 349695K [0x00000000e0000000, 0x00000000f5580000, 0x00000000f5580000)
  object space 349696K, 99% used [0x00000000e0000000,0x00000000f557fd68,0x00000000f5580000)
 Metaspace       used 60596K, committed 61632K, reserved 1105920K
  class space    used 5713K, committed 6144K, reserved 1048576K
}
Event: 919.322 GC heap before
{Heap before GC invocations=793 (full 621):
 PSYoungGen      total 41984K, used 16895K [0x00000000f5580000, 0x00000000f9780000, 0x0000000100000000)
  eden space 16896K, 99% used [0x00000000f5580000,0x00000000f65ffee0,0x00000000f6600000)
  from space 25088K, 0% used [0x00000000f6600000,0x00000000f6600000,0x00000000f7e80000)
  to   space 14848K, 0% used [0x00000000f7e80000,0x00000000f7e80000,0x00000000f8d00000)
 ParOldGen       total 349696K, used 349695K [0x00000000e0000000, 0x00000000f5580000, 0x00000000f5580000)
  object space 349696K, 99% used [0x00000000e0000000,0x00000000f557fd68,0x00000000f5580000)
 Metaspace       used 60596K, committed 61632K, reserved 1105920K
  class space    used 5713K, committed 6144K, reserved 1048576K
}
Event: 920.635 GC heap after
{Heap after GC invocations=793 (full 621):
 PSYoungGen      total 31744K, used 16895K [0x00000000f5580000, 0x00000000f9780000, 0x0000000100000000)
  eden space 16896K, 99% used [0x00000000f5580000,0x00000000f65ffee0,0x00000000f6600000)
  from space 14848K, 0% used [0x00000000f7e80000,0x00000000f7e80000,0x00000000f8d00000)
  to   space 25088K, 0% used [0x00000000f6600000,0x00000000f6600000,0x00000000f7e80000)
 ParOldGen       total 349696K, used 349695K [0x00000000e0000000, 0x00000000f5580000, 0x00000000f5580000)
  object space 349696K, 99% used [0x00000000e0000000,0x00000000f557fd68,0x00000000f5580000)
 Metaspace       used 60596K, committed 61632K, reserved 1105920K
  class space    used 5713K, committed 6144K, reserved 1048576K
}

